<?xml version="1.0" encoding="UTF-8"?>
<testng-results total="1" passed="1" failed="0" skipped="0">
  <reporter-output>
  </reporter-output>
  <suite started-at="2019-06-13T13:37:19Z" name="Default suite" finished-at="2019-06-13T13:37:20Z" duration-ms="1086">
    <groups>
    </groups>
    <test started-at="2019-06-13T13:37:19Z" name="Default test" finished-at="2019-06-13T13:37:20Z" duration-ms="1086">
      <class name="com.qa.test.GetAPITest">
        <test-method is-config="true" signature="setup()[pri:0, instance:com.qa.test.GetAPITest@44a664f2]" started-at="2019-06-13T19:07:19Z" name="setup" finished-at="2019-06-13T19:07:19Z" duration-ms="6" status="PASS">
          <reporter-output>
          </reporter-output>
        </test-method> <!-- setup -->
        <test-method signature="getTest()[pri:0, instance:com.qa.test.GetAPITest@44a664f2]" started-at="2019-06-13T19:07:19Z" name="getTest" finished-at="2019-06-13T19:07:20Z" duration-ms="1056" status="PASS">
          <reporter-output>
          </reporter-output>
        </test-method> <!-- getTest -->
      </class> <!-- com.qa.test.GetAPITest -->
    </test> <!-- Default test -->
  </suite> <!-- Default suite -->
</testng-results>
